GET /api/contacts/qdggE76Jtbfd9eWJHrssH 11-05-2023_01:15:54
GET /api/contacts/ 11-05-2023_01:16:21
GET /api/contacts/ 11-05-2023_01:43:30
GET /api/contacts/05olLMgyVQdWRwgKfg5J6 11-05-2023_01:44:01
GET / 11-05-2023_01:51:34
GET / 11-05-2023_01:51:36
GET / 11-05-2023_01:51:36
GET / 11-05-2023_01:51:37
GET /api/contacts 11-05-2023_01:51:46
GET /api/contacts/05olLMgyVQdWRwgKfg5J64 11-05-2023_01:52:04
GET /api/contacts/05olLMgyVQdWRwgKfg5J6 11-05-2023_01:52:35
GET /api/contacts/ 11-05-2023_01:54:33
GET /api/contacts 11-05-2023_04:21:09
GET /api/contacts 11-05-2023_04:21:23
GET /api/contacts 11-05-2023_04:22:44
GET /api/contacts 11-05-2023_04:22:54
GET /api/contacts/rsKkOQUi80UsgVPCcLZZW 11-05-2023_04:23:10
GET /api/contacts 11-05-2023_04:31:17
GET /api/contacts 11-05-2023_05:10:34
GET /api/contacts 11-05-2023_05:11:10
GET /api/contacts8 11-05-2023_05:11:24
GET /api/contacts 11-05-2023_05:11:39
GET /api/contacts 11-05-2023_05:11:44
GET /api/contacts 11-05-2023_05:12:04
GET /api/contacts 11-05-2023_05:26:04
GET /api/contacts 11-05-2023_05:26:10
GET /api/contacts 11-05-2023_05:26:11
GET /api/contacts 11-05-2023_05:26:44
GET /api/contacts 12-05-2023_07:57:55
GET /api/contacts 12-05-2023_01:15:46
GET /favicon.ico 12-05-2023_01:15:47
GET /api/contacts 12-05-2023_01:21:50
GET /api/contacts 12-05-2023_06:09:11
GET /api/contacts/AeHIrLTr6JkxGE6SN-0Rw 12-05-2023_06:09:29
GET /api/contacts/AeHIrLTr6JkxGE6SN-0Rwt 12-05-2023_06:09:33
GET /api/contacts/AeHIrLTr6JkxGE6SN-0Rw 12-05-2023_07:38:07
GET /api/contacts/ 12-05-2023_07:38:18
GET /api/contacts/ 12-05-2023_07:48:56
GET /api/contacts/6 12-05-2023_07:49:07
GET /api/ 12-05-2023_07:49:19
GET /api/ 13-05-2023_01:23:02
GET /api/ 13-05-2023_01:23:23
GET /api/ 13-05-2023_01:23:25
GET /api/ 13-05-2023_01:23:54
GET /api/ 13-05-2023_01:24:11
GET /api/contact 13-05-2023_01:24:24
GET /api/contacts 13-05-2023_01:25:16
GET /api/contacts/4 13-05-2023_01:25:25